{"numTotalTestSuites":14,"numPassedTestSuites":12,"numFailedTestSuites":2,"numPendingTestSuites":0,"numTotalTests":39,"numPassedTests":38,"numFailedTests":1,"numPendingTests":0,"numTodoTests":0,"snapshot":{"added":0,"failure":false,"filesAdded":0,"filesRemoved":0,"filesRemovedList":[],"filesUnmatched":0,"filesUpdated":0,"matched":0,"total":0,"unchecked":0,"uncheckedKeysByFile":[],"unmatched":0,"updated":0,"didUpdate":false},"startTime":1727630846146,"success":false,"testResults":[{"assertionResults":[{"ancestorTitles":["createScorecard"],"fullName":"createScorecard should create a Scorecard for a GitHub URL","status":"passed","title":"should create a Scorecard for a GitHub URL","duration":5.415900000000079,"failureMessages":[],"meta":{}},{"ancestorTitles":["createScorecard"],"fullName":"createScorecard should create a Scorecard for an npm URL","status":"passed","title":"should create a Scorecard for an npm URL","duration":1.6077999999999975,"failureMessages":[],"meta":{}},{"ancestorTitles":["createScorecard"],"fullName":"createScorecard should throw an error for an invalid URL","status":"passed","title":"should throw an error for an invalid URL","duration":2.7989000000000033,"failureMessages":[],"meta":{}},{"ancestorTitles":["createScorecard"],"fullName":"createScorecard should handle npm URL with repository URL ending with .git","status":"passed","title":"should handle npm URL with repository URL ending with .git","duration":0.8092000000000326,"failureMessages":[],"meta":{}},{"ancestorTitles":["createScorecard"],"fullName":"createScorecard should handle npm URL when repository URL is not provided","status":"passed","title":"should handle npm URL when repository URL is not provided","duration":0.6222999999999956,"failureMessages":[],"meta":{}}],"startTime":1727630847125,"endTime":1727630847135.809,"status":"passed","message":"","name":"C:/Users/chloe/repos/school/450-sd/se-phase1/tests/evaluators/createScorecard.test.ts"},{"assertionResults":[{"ancestorTitles":["evaluateModule"],"fullName":"evaluateModule should evaluate all metrics and return results","status":"passed","title":"should evaluate all metrics and return results","duration":11.174800000000005,"failureMessages":[],"meta":{}},{"ancestorTitles":["evaluateModule"],"fullName":"evaluateModule should handle errors from createScorecard","status":"passed","title":"should handle errors from createScorecard","duration":3.2502999999999247,"failureMessages":[],"meta":{}}],"startTime":1727630847389,"endTime":1727630847404.2502,"status":"passed","message":"","name":"C:/Users/chloe/repos/school/450-sd/se-phase1/tests/evaluators/evaluateModule.test.ts"},{"assertionResults":[{"ancestorTitles":["BusFactorMetric"],"fullName":"BusFactorMetric should set bus factor to 0 when top contributor has ≥ 80% contributions","status":"failed","title":"should set bus factor to 0 when top contributor has ≥ 80% contributions","duration":28.4135,"failureMessages":["AssertionError: expected +0 to be 1 // Object.is equality\n    at C:\\Users\\chloe\\repos\\school\\450-sd\\se-phase1\\tests\\metrics\\busfactorMetric.test.ts:82:28\n    at processTicksAndRejections (node:internal/process/task_queues:95:5)\n    at file:///C:/Users/chloe/repos/school/450-sd/se-phase1/node_modules/@vitest/runner/dist/index.js:529:5\n    at runTest (file:///C:/Users/chloe/repos/school/450-sd/se-phase1/node_modules/@vitest/runner/dist/index.js:982:11)\n    at runSuite (file:///C:/Users/chloe/repos/school/450-sd/se-phase1/node_modules/@vitest/runner/dist/index.js:1131:15)\n    at runSuite (file:///C:/Users/chloe/repos/school/450-sd/se-phase1/node_modules/@vitest/runner/dist/index.js:1131:15)\n    at runFiles (file:///C:/Users/chloe/repos/school/450-sd/se-phase1/node_modules/@vitest/runner/dist/index.js:1188:5)\n    at startTests (file:///C:/Users/chloe/repos/school/450-sd/se-phase1/node_modules/@vitest/runner/dist/index.js:1197:3)\n    at file:///C:/Users/chloe/repos/school/450-sd/se-phase1/node_modules/vitest/dist/chunks/runBaseTests.9YDrdSI4.js:130:11\n    at withEnv (file:///C:/Users/chloe/repos/school/450-sd/se-phase1/node_modules/vitest/dist/chunks/runBaseTests.9YDrdSI4.js:94:5)"],"meta":{}},{"ancestorTitles":["BusFactorMetric"],"fullName":"BusFactorMetric should set bus factor to 0.2 when top contributor has ≥ 60% contributions","status":"passed","title":"should set bus factor to 0.2 when top contributor has ≥ 60% contributions","duration":2.4179000000000315,"failureMessages":[],"meta":{}},{"ancestorTitles":["BusFactorMetric"],"fullName":"BusFactorMetric should set bus factor to 0.5 when top contributor has ≥ 40% contributions","status":"passed","title":"should set bus factor to 0.5 when top contributor has ≥ 40% contributions","duration":1.0298999999999978,"failureMessages":[],"meta":{}},{"ancestorTitles":["BusFactorMetric"],"fullName":"BusFactorMetric should set bus factor to 1 when top contributor has < 40% contributions","status":"passed","title":"should set bus factor to 1 when top contributor has < 40% contributions","duration":0.9377999999999247,"failureMessages":[],"meta":{}},{"ancestorTitles":["BusFactorMetric"],"fullName":"BusFactorMetric should handle no contributors and set bus factor to 0","status":"passed","title":"should handle no contributors and set bus factor to 0","duration":0.7623999999999569,"failureMessages":[],"meta":{}},{"ancestorTitles":["BusFactorMetric"],"fullName":"BusFactorMetric should handle errors from GitHub API and set bus factor to 0","status":"passed","title":"should handle errors from GitHub API and set bus factor to 0","duration":1.144900000000007,"failureMessages":[],"meta":{}},{"ancestorTitles":["BusFactorMetric"],"fullName":"BusFactorMetric should calculate and set busFactor_Latency","status":"passed","title":"should calculate and set busFactor_Latency","duration":114.4846,"failureMessages":[],"meta":{}}],"startTime":1727630847036,"endTime":1727630847186.4846,"status":"failed","message":"","name":"C:/Users/chloe/repos/school/450-sd/se-phase1/tests/metrics/busfactorMetric.test.ts"},{"assertionResults":[{"ancestorTitles":["CorrectnessMetric"],"fullName":"CorrectnessMetric should set correctness score to 0.6 when tests are present and bug score is high","status":"passed","title":"should set correctness score to 0.6 when tests are present and bug score is high","duration":11.819799999999987,"failureMessages":[],"meta":{}},{"ancestorTitles":["CorrectnessMetric"],"fullName":"CorrectnessMetric should set correctness score to 0.5 when tests are absent and bug score is neutral","status":"passed","title":"should set correctness score to 0.5 when tests are absent and bug score is neutral","duration":3.2077999999999065,"failureMessages":[],"meta":{}},{"ancestorTitles":["CorrectnessMetric"],"fullName":"CorrectnessMetric should handle missing package.json and set correctness score based on bugs","status":"passed","title":"should handle missing package.json and set correctness score based on bugs","duration":1.9043000000000347,"failureMessages":[],"meta":{}},{"ancestorTitles":["CorrectnessMetric"],"fullName":"CorrectnessMetric should handle errors during test check and assign default score","status":"passed","title":"should handle errors during test check and assign default score","duration":1.6607000000000198,"failureMessages":[],"meta":{}},{"ancestorTitles":["CorrectnessMetric"],"fullName":"CorrectnessMetric should handle errors during bug analysis and assign default score","status":"passed","title":"should handle errors during bug analysis and assign default score","duration":1.497600000000034,"failureMessages":[],"meta":{}},{"ancestorTitles":["CorrectnessMetric"],"fullName":"CorrectnessMetric should handle total correctness score exceeding 1 by capping it at 1","status":"passed","title":"should handle total correctness score exceeding 1 by capping it at 1","duration":0.8450000000000273,"failureMessages":[],"meta":{}}],"startTime":1727630847036,"endTime":1727630847056.845,"status":"passed","message":"","name":"C:/Users/chloe/repos/school/450-sd/se-phase1/tests/metrics/correctnessMetric.test.ts"},{"assertionResults":[{"ancestorTitles":["LicenseMetric"],"fullName":"LicenseMetric should set license to 1 if approved license is found in LICENSE file","status":"passed","title":"should set license to 1 if approved license is found in LICENSE file","duration":11.958100000000059,"failureMessages":[],"meta":{}},{"ancestorTitles":["LicenseMetric"],"fullName":"LicenseMetric should set license to 0 if no LICENSE file is found","status":"passed","title":"should set license to 0 if no LICENSE file is found","duration":2.2420999999999367,"failureMessages":[],"meta":{}},{"ancestorTitles":["LicenseMetric"],"fullName":"LicenseMetric should set license to 1 if approved license is found in README file","status":"passed","title":"should set license to 1 if approved license is found in README file","duration":1.897000000000162,"failureMessages":[],"meta":{}},{"ancestorTitles":["LicenseMetric"],"fullName":"LicenseMetric should set license to 0 if no approved license is found in README file","status":"passed","title":"should set license to 0 if no approved license is found in README file","duration":1.7459000000001197,"failureMessages":[],"meta":{}},{"ancestorTitles":["LicenseMetric"],"fullName":"LicenseMetric should handle errors and set license to 0","status":"passed","title":"should handle errors and set license to 0","duration":5.462800000000016,"failureMessages":[],"meta":{}}],"startTime":1727630847266,"endTime":1727630847289.463,"status":"passed","message":"","name":"C:/Users/chloe/repos/school/450-sd/se-phase1/tests/metrics/licenseMetric.test.ts"},{"assertionResults":[{"ancestorTitles":["MaintainersMetric"],"fullName":"MaintainersMetric should set responsiveMaintainer to 1 when average response time ≤ 72 hours","status":"passed","title":"should set responsiveMaintainer to 1 when average response time ≤ 72 hours","duration":11.801899999999932,"failureMessages":[],"meta":{}},{"ancestorTitles":["MaintainersMetric"],"fullName":"MaintainersMetric should set responsiveMaintainer to 0.7 when average response time ≤ 168 hours","status":"passed","title":"should set responsiveMaintainer to 0.7 when average response time ≤ 168 hours","duration":1.227200000000039,"failureMessages":[],"meta":{}},{"ancestorTitles":["MaintainersMetric"],"fullName":"MaintainersMetric should set responsiveMaintainer to 0.4 when average response time ≤ 336 hours","status":"passed","title":"should set responsiveMaintainer to 0.4 when average response time ≤ 336 hours","duration":1.0209999999999582,"failureMessages":[],"meta":{}},{"ancestorTitles":["MaintainersMetric"],"fullName":"MaintainersMetric should set responsiveMaintainer to 0 when average response time > 336 hours","status":"passed","title":"should set responsiveMaintainer to 0 when average response time > 336 hours","duration":0.9191000000000713,"failureMessages":[],"meta":{}},{"ancestorTitles":["MaintainersMetric"],"fullName":"MaintainersMetric should set responsiveMaintainer to 1 when no issues are found","status":"passed","title":"should set responsiveMaintainer to 1 when no issues are found","duration":0.9096999999999298,"failureMessages":[],"meta":{}},{"ancestorTitles":["MaintainersMetric"],"fullName":"MaintainersMetric should handle errors gracefully and set responsiveMaintainer to 0","status":"passed","title":"should handle errors gracefully and set responsiveMaintainer to 0","duration":1.45900000000006,"failureMessages":[],"meta":{}},{"ancestorTitles":["MaintainersMetric"],"fullName":"MaintainersMetric should handle issues with no maintainer responses","status":"passed","title":"should handle issues with no maintainer responses","duration":1.1510999999999285,"failureMessages":[],"meta":{}},{"ancestorTitles":["MaintainersMetric"],"fullName":"MaintainersMetric should calculate and set responsiveMaintainer_Latency","status":"passed","title":"should calculate and set responsiveMaintainer_Latency","duration":114.1105,"failureMessages":[],"meta":{}}],"startTime":1727630847036,"endTime":1727630847171.1106,"status":"passed","message":"","name":"C:/Users/chloe/repos/school/450-sd/se-phase1/tests/metrics/maintainersMetric.test.ts"},{"assertionResults":[{"ancestorTitles":["RampUpMetric"],"fullName":"RampUpMetric should initialize correctly","status":"passed","title":"should initialize correctly","duration":4.975799999999936,"failureMessages":[],"meta":{}},{"ancestorTitles":["RampUpMetric"],"fullName":"RampUpMetric should return a score of 0 if the repository has no README","status":"passed","title":"should return a score of 0 if the repository has no README","duration":2.3356999999999744,"failureMessages":[],"meta":{}},{"ancestorTitles":["RampUpMetric"],"fullName":"RampUpMetric should set ramp up score to 1 if README contains all important sections","status":"passed","title":"should set ramp up score to 1 if README contains all important sections","duration":30.237899999999968,"failureMessages":[],"meta":{}},{"ancestorTitles":["RampUpMetric"],"fullName":"RampUpMetric should set ramp up score to 0.2 if README contains more than two code blocks","status":"passed","title":"should set ramp up score to 0.2 if README contains more than two code blocks","duration":5.453500000000076,"failureMessages":[],"meta":{}},{"ancestorTitles":["RampUpMetric"],"fullName":"RampUpMetric should set ramp up score to 0.1 if README contains few linting errors","status":"passed","title":"should set ramp up score to 0.1 if README contains few linting errors","duration":3.647199999999998,"failureMessages":[],"meta":{}},{"ancestorTitles":["RampUpMetric"],"fullName":"RampUpMetric should set ramp up score to 0.1 if README contains more than 5 links","status":"passed","title":"should set ramp up score to 0.1 if README contains more than 5 links","duration":27.05489999999986,"failureMessages":[],"meta":{}}],"startTime":1727630847195,"endTime":1727630847269.055,"status":"passed","message":"","name":"C:/Users/chloe/repos/school/450-sd/se-phase1/tests/metrics/rampupMetric.test.ts"}]}