{"numTotalTestSuites":14,"numPassedTestSuites":14,"numFailedTestSuites":0,"numPendingTestSuites":0,"numTotalTests":39,"numPassedTests":39,"numFailedTests":0,"numPendingTests":0,"numTodoTests":0,"snapshot":{"added":0,"failure":false,"filesAdded":0,"filesRemoved":0,"filesRemovedList":[],"filesUnmatched":0,"filesUpdated":0,"matched":0,"total":0,"unchecked":0,"uncheckedKeysByFile":[],"unmatched":0,"updated":0,"didUpdate":false},"startTime":1727637974283,"success":true,"testResults":[{"assertionResults":[{"ancestorTitles":["BusFactorMetric"],"fullName":"BusFactorMetric should set bus factor to 0 when top contributor has ≥ 80% contributions","status":"passed","title":"should set bus factor to 0 when top contributor has ≥ 80% contributions","duration":3.6854000000002998,"failureMessages":[],"meta":{}},{"ancestorTitles":["BusFactorMetric"],"fullName":"BusFactorMetric should set bus factor to 0.2 when top contributor has ≥ 60% contributions","status":"passed","title":"should set bus factor to 0.2 when top contributor has ≥ 60% contributions","duration":0.7267000000001644,"failureMessages":[],"meta":{}},{"ancestorTitles":["BusFactorMetric"],"fullName":"BusFactorMetric should set bus factor to 0.5 when top contributor has ≥ 40% contributions","status":"passed","title":"should set bus factor to 0.5 when top contributor has ≥ 40% contributions","duration":0.778400000000147,"failureMessages":[],"meta":{}},{"ancestorTitles":["BusFactorMetric"],"fullName":"BusFactorMetric should set bus factor to 1 when top contributor has < 40% contributions","status":"passed","title":"should set bus factor to 1 when top contributor has < 40% contributions","duration":1.0520000000001346,"failureMessages":[],"meta":{}},{"ancestorTitles":["BusFactorMetric"],"fullName":"BusFactorMetric should handle no contributors and set bus factor to 0","status":"passed","title":"should handle no contributors and set bus factor to 0","duration":1.1597999999999047,"failureMessages":[],"meta":{}},{"ancestorTitles":["BusFactorMetric"],"fullName":"BusFactorMetric should handle errors from GitHub API and set bus factor to 0","status":"passed","title":"should handle errors from GitHub API and set bus factor to 0","duration":0.9182000000000698,"failureMessages":[],"meta":{}},{"ancestorTitles":["BusFactorMetric"],"fullName":"BusFactorMetric should calculate and set busFactor_Latency","status":"passed","title":"should calculate and set busFactor_Latency","duration":101.69601900000043,"failureMessages":[],"meta":{}}],"startTime":1727637976424,"endTime":1727637976533.696,"status":"passed","message":"","name":"/mnt/c/Users/chloe/repos/school/450-sd/se-phase1/tests/metrics/busfactorMetric.test.ts"},{"assertionResults":[{"ancestorTitles":["CorrectnessMetric"],"fullName":"CorrectnessMetric should set correctness score to 0.6 when tests are present and bug score is high","status":"passed","title":"should set correctness score to 0.6 when tests are present and bug score is high","duration":6.438900999999987,"failureMessages":[],"meta":{}},{"ancestorTitles":["CorrectnessMetric"],"fullName":"CorrectnessMetric should set correctness score to 0.5 when tests are absent and bug score is neutral","status":"passed","title":"should set correctness score to 0.5 when tests are absent and bug score is neutral","duration":1.0763010000000577,"failureMessages":[],"meta":{}},{"ancestorTitles":["CorrectnessMetric"],"fullName":"CorrectnessMetric should handle missing package.json and set correctness score based on bugs","status":"passed","title":"should handle missing package.json and set correctness score based on bugs","duration":1.0614000000000487,"failureMessages":[],"meta":{}},{"ancestorTitles":["CorrectnessMetric"],"fullName":"CorrectnessMetric should handle errors during test check and assign default score","status":"passed","title":"should handle errors during test check and assign default score","duration":0.8712999999997919,"failureMessages":[],"meta":{}},{"ancestorTitles":["CorrectnessMetric"],"fullName":"CorrectnessMetric should handle errors during bug analysis and assign default score","status":"passed","title":"should handle errors during bug analysis and assign default score","duration":0.6752999999998792,"failureMessages":[],"meta":{}},{"ancestorTitles":["CorrectnessMetric"],"fullName":"CorrectnessMetric should handle total correctness score exceeding 1 by capping it at 1","status":"passed","title":"should handle total correctness score exceeding 1 by capping it at 1","duration":0.6240999999999985,"failureMessages":[],"meta":{}}],"startTime":1727637976426,"endTime":1727637976437.624,"status":"passed","message":"","name":"/mnt/c/Users/chloe/repos/school/450-sd/se-phase1/tests/metrics/correctnessMetric.test.ts"},{"assertionResults":[{"ancestorTitles":["LicenseMetric"],"fullName":"LicenseMetric should set license to 1 if approved license is found in LICENSE file","status":"passed","title":"should set license to 1 if approved license is found in LICENSE file","duration":4.239800999999716,"failureMessages":[],"meta":{}},{"ancestorTitles":["LicenseMetric"],"fullName":"LicenseMetric should set license to 0 if no LICENSE file is found","status":"passed","title":"should set license to 0 if no LICENSE file is found","duration":0.8504000000002634,"failureMessages":[],"meta":{}},{"ancestorTitles":["LicenseMetric"],"fullName":"LicenseMetric should set license to 1 if approved license is found in README file","status":"passed","title":"should set license to 1 if approved license is found in README file","duration":1.9038000000000466,"failureMessages":[],"meta":{}},{"ancestorTitles":["LicenseMetric"],"fullName":"LicenseMetric should set license to 0 if no approved license is found in README file","status":"passed","title":"should set license to 0 if no approved license is found in README file","duration":0.8414000000002488,"failureMessages":[],"meta":{}},{"ancestorTitles":["LicenseMetric"],"fullName":"LicenseMetric should handle errors and set license to 0","status":"passed","title":"should handle errors and set license to 0","duration":2.415200999999797,"failureMessages":[],"meta":{}}],"startTime":1727637977499,"endTime":1727637977509.4153,"status":"passed","message":"","name":"/mnt/c/Users/chloe/repos/school/450-sd/se-phase1/tests/metrics/licenseMetric.test.ts"},{"assertionResults":[{"ancestorTitles":["MaintainersMetric"],"fullName":"MaintainersMetric should set responsiveMaintainer to 1 when average response time ≤ 72 hours","status":"passed","title":"should set responsiveMaintainer to 1 when average response time ≤ 72 hours","duration":3.729800999999952,"failureMessages":[],"meta":{}},{"ancestorTitles":["MaintainersMetric"],"fullName":"MaintainersMetric should set responsiveMaintainer to 0.7 when average response time ≤ 168 hours","status":"passed","title":"should set responsiveMaintainer to 0.7 when average response time ≤ 168 hours","duration":0.9411000000000058,"failureMessages":[],"meta":{}},{"ancestorTitles":["MaintainersMetric"],"fullName":"MaintainersMetric should set responsiveMaintainer to 0.4 when average response time ≤ 336 hours","status":"passed","title":"should set responsiveMaintainer to 0.4 when average response time ≤ 336 hours","duration":0.501299999999901,"failureMessages":[],"meta":{}},{"ancestorTitles":["MaintainersMetric"],"fullName":"MaintainersMetric should set responsiveMaintainer to 0 when average response time > 336 hours","status":"passed","title":"should set responsiveMaintainer to 0 when average response time > 336 hours","duration":0.472700000000259,"failureMessages":[],"meta":{}},{"ancestorTitles":["MaintainersMetric"],"fullName":"MaintainersMetric should set responsiveMaintainer to 1 when no issues are found","status":"passed","title":"should set responsiveMaintainer to 1 when no issues are found","duration":0.4308000000000902,"failureMessages":[],"meta":{}},{"ancestorTitles":["MaintainersMetric"],"fullName":"MaintainersMetric should handle errors gracefully and set responsiveMaintainer to 0","status":"passed","title":"should handle errors gracefully and set responsiveMaintainer to 0","duration":0.7745009999998729,"failureMessages":[],"meta":{}},{"ancestorTitles":["MaintainersMetric"],"fullName":"MaintainersMetric should handle issues with no maintainer responses","status":"passed","title":"should handle issues with no maintainer responses","duration":0.712500000000091,"failureMessages":[],"meta":{}},{"ancestorTitles":["MaintainersMetric"],"fullName":"MaintainersMetric should calculate and set responsiveMaintainer_Latency","status":"passed","title":"should calculate and set responsiveMaintainer_Latency","duration":101.77051800000027,"failureMessages":[],"meta":{}}],"startTime":1727637976405,"endTime":1727637976513.7705,"status":"passed","message":"","name":"/mnt/c/Users/chloe/repos/school/450-sd/se-phase1/tests/metrics/maintainersMetric.test.ts"},{"assertionResults":[{"ancestorTitles":["RampUpMetric"],"fullName":"RampUpMetric should initialize correctly","status":"passed","title":"should initialize correctly","duration":5.208400999999867,"failureMessages":[],"meta":{}},{"ancestorTitles":["RampUpMetric"],"fullName":"RampUpMetric should return a score of 0 if the repository has no README","status":"passed","title":"should return a score of 0 if the repository has no README","duration":1.2307999999998174,"failureMessages":[],"meta":{}},{"ancestorTitles":["RampUpMetric"],"fullName":"RampUpMetric should set ramp up score to 1 if README contains all important sections","status":"passed","title":"should set ramp up score to 1 if README contains all important sections","duration":13.93150199999991,"failureMessages":[],"meta":{}},{"ancestorTitles":["RampUpMetric"],"fullName":"RampUpMetric should set ramp up score to 0.2 if README contains more than two code blocks","status":"passed","title":"should set ramp up score to 0.2 if README contains more than two code blocks","duration":2.093601000000035,"failureMessages":[],"meta":{}},{"ancestorTitles":["RampUpMetric"],"fullName":"RampUpMetric should set ramp up score to 0.1 if README contains few linting errors","status":"passed","title":"should set ramp up score to 0.1 if README contains few linting errors","duration":1.5985000000000582,"failureMessages":[],"meta":{}},{"ancestorTitles":["RampUpMetric"],"fullName":"RampUpMetric should set ramp up score to 0.1 if README contains more than 5 links","status":"passed","title":"should set ramp up score to 0.1 if README contains more than 5 links","duration":12.210102000000006,"failureMessages":[],"meta":{}}],"startTime":1727637977316,"endTime":1727637977353.2102,"status":"passed","message":"","name":"/mnt/c/Users/chloe/repos/school/450-sd/se-phase1/tests/metrics/rampupMetric.test.ts"},{"assertionResults":[{"ancestorTitles":["createScorecard"],"fullName":"createScorecard should create a Scorecard for a GitHub URL","status":"passed","title":"should create a Scorecard for a GitHub URL","duration":3.5146999999997206,"failureMessages":[],"meta":{}},{"ancestorTitles":["createScorecard"],"fullName":"createScorecard should create a Scorecard for an npm URL","status":"passed","title":"should create a Scorecard for an npm URL","duration":1.079200000000128,"failureMessages":[],"meta":{}},{"ancestorTitles":["createScorecard"],"fullName":"createScorecard should throw an error for an invalid URL","status":"passed","title":"should throw an error for an invalid URL","duration":2.7839010000002418,"failureMessages":[],"meta":{}},{"ancestorTitles":["createScorecard"],"fullName":"createScorecard should handle npm URL with repository URL ending with .git","status":"passed","title":"should handle npm URL with repository URL ending with .git","duration":0.47959999999966385,"failureMessages":[],"meta":{}},{"ancestorTitles":["createScorecard"],"fullName":"createScorecard should handle npm URL when repository URL is not provided","status":"passed","title":"should handle npm URL when repository URL is not provided","duration":0.45559999999977663,"failureMessages":[],"meta":{}}],"startTime":1727637976718,"endTime":1727637976726.4795,"status":"passed","message":"","name":"/mnt/c/Users/chloe/repos/school/450-sd/se-phase1/tests/evaluators/createScorecard.test.ts"},{"assertionResults":[{"ancestorTitles":["evaluateModule"],"fullName":"evaluateModule should evaluate all metrics and return results","status":"passed","title":"should evaluate all metrics and return results","duration":4.6489010000000235,"failureMessages":[],"meta":{}},{"ancestorTitles":["evaluateModule"],"fullName":"evaluateModule should handle errors from createScorecard","status":"passed","title":"should handle errors from createScorecard","duration":1.7687009999999646,"failureMessages":[],"meta":{}}],"startTime":1727637978011,"endTime":1727637978017.7688,"status":"passed","message":"","name":"/mnt/c/Users/chloe/repos/school/450-sd/se-phase1/tests/evaluators/evaluateModule.test.ts"}]}