{"numTotalTestSuites":14,"numPassedTestSuites":14,"numFailedTestSuites":0,"numPendingTestSuites":0,"numTotalTests":39,"numPassedTests":39,"numFailedTests":0,"numPendingTests":0,"numTodoTests":0,"snapshot":{"added":0,"failure":false,"filesAdded":0,"filesRemoved":0,"filesRemovedList":[],"filesUnmatched":0,"filesUpdated":0,"matched":0,"total":0,"unchecked":0,"uncheckedKeysByFile":[],"unmatched":0,"updated":0,"didUpdate":false},"startTime":1727654339106,"success":true,"testResults":[{"assertionResults":[{"ancestorTitles":["createScorecard"],"fullName":"createScorecard should create a Scorecard for a GitHub URL","status":"passed","title":"should create a Scorecard for a GitHub URL","duration":3.5987989999998717,"failureMessages":[],"meta":{}},{"ancestorTitles":["createScorecard"],"fullName":"createScorecard should create a Scorecard for an npm URL","status":"passed","title":"should create a Scorecard for an npm URL","duration":1.1018990000002304,"failureMessages":[],"meta":{}},{"ancestorTitles":["createScorecard"],"fullName":"createScorecard should throw an error for an invalid URL","status":"passed","title":"should throw an error for an invalid URL","duration":2.082800000000134,"failureMessages":[],"meta":{}},{"ancestorTitles":["createScorecard"],"fullName":"createScorecard should handle npm URL with repository URL ending with .git","status":"passed","title":"should handle npm URL with repository URL ending with .git","duration":0.7013990000000376,"failureMessages":[],"meta":{}},{"ancestorTitles":["createScorecard"],"fullName":"createScorecard should handle npm URL when repository URL is not provided","status":"passed","title":"should handle npm URL when repository URL is not provided","duration":0.5306000000000495,"failureMessages":[],"meta":{}}],"startTime":1727654341243,"endTime":1727654341251.5305,"status":"passed","message":"","name":"/mnt/c/Users/chloe/repos/school/450-sd/se-phase1/tests/evaluators/createScorecard.test.ts"},{"assertionResults":[{"ancestorTitles":["evaluateModule"],"fullName":"evaluateModule should evaluate all metrics and return results","status":"passed","title":"should evaluate all metrics and return results","duration":4.873497999999927,"failureMessages":[],"meta":{}},{"ancestorTitles":["evaluateModule"],"fullName":"evaluateModule should handle errors from createScorecard","status":"passed","title":"should handle errors from createScorecard","duration":2.5671000000002095,"failureMessages":[],"meta":{}}],"startTime":1727654342452,"endTime":1727654342459.5671,"status":"passed","message":"","name":"/mnt/c/Users/chloe/repos/school/450-sd/se-phase1/tests/evaluators/evaluateModule.test.ts"},{"assertionResults":[{"ancestorTitles":["BusFactorMetric"],"fullName":"BusFactorMetric should set bus factor to 0 when top contributor has ≥ 80% contributions","status":"passed","title":"should set bus factor to 0 when top contributor has ≥ 80% contributions","duration":3.5075990000000274,"failureMessages":[],"meta":{}},{"ancestorTitles":["BusFactorMetric"],"fullName":"BusFactorMetric should set bus factor to 0.2 when top contributor has ≥ 60% contributions","status":"passed","title":"should set bus factor to 0.2 when top contributor has ≥ 60% contributions","duration":0.5822000000000571,"failureMessages":[],"meta":{}},{"ancestorTitles":["BusFactorMetric"],"fullName":"BusFactorMetric should set bus factor to 0.5 when top contributor has ≥ 40% contributions","status":"passed","title":"should set bus factor to 0.5 when top contributor has ≥ 40% contributions","duration":0.4356000000000222,"failureMessages":[],"meta":{}},{"ancestorTitles":["BusFactorMetric"],"fullName":"BusFactorMetric should set bus factor to 1 when top contributor has < 40% contributions","status":"passed","title":"should set bus factor to 1 when top contributor has < 40% contributions","duration":0.42779900000005,"failureMessages":[],"meta":{}},{"ancestorTitles":["BusFactorMetric"],"fullName":"BusFactorMetric should handle no contributors and set bus factor to 0","status":"passed","title":"should handle no contributors and set bus factor to 0","duration":0.6110000000001037,"failureMessages":[],"meta":{}},{"ancestorTitles":["BusFactorMetric"],"fullName":"BusFactorMetric should handle errors from GitHub API and set bus factor to 0","status":"passed","title":"should handle errors from GitHub API and set bus factor to 0","duration":0.869899999999916,"failureMessages":[],"meta":{}},{"ancestorTitles":["BusFactorMetric"],"fullName":"BusFactorMetric should calculate and set busFactor_Latency","status":"passed","title":"should calculate and set busFactor_Latency","duration":100.69436799999994,"failureMessages":[],"meta":{}}],"startTime":1727654341029,"endTime":1727654341136.6943,"status":"passed","message":"","name":"/mnt/c/Users/chloe/repos/school/450-sd/se-phase1/tests/metrics/busfactorMetric.test.ts"},{"assertionResults":[{"ancestorTitles":["CorrectnessMetric"],"fullName":"CorrectnessMetric should set correctness score to 0.6 when tests are present and bug score is high","status":"passed","title":"should set correctness score to 0.6 when tests are present and bug score is high","duration":4.147298999999975,"failureMessages":[],"meta":{}},{"ancestorTitles":["CorrectnessMetric"],"fullName":"CorrectnessMetric should set correctness score to 0.5 when tests are absent and bug score is neutral","status":"passed","title":"should set correctness score to 0.5 when tests are absent and bug score is neutral","duration":0.7539990000000216,"failureMessages":[],"meta":{}},{"ancestorTitles":["CorrectnessMetric"],"fullName":"CorrectnessMetric should handle missing package.json and set correctness score based on bugs","status":"passed","title":"should handle missing package.json and set correctness score based on bugs","duration":1.080699999999979,"failureMessages":[],"meta":{}},{"ancestorTitles":["CorrectnessMetric"],"fullName":"CorrectnessMetric should handle errors during test check and assign default score","status":"passed","title":"should handle errors during test check and assign default score","duration":0.8954000000001088,"failureMessages":[],"meta":{}},{"ancestorTitles":["CorrectnessMetric"],"fullName":"CorrectnessMetric should handle errors during bug analysis and assign default score","status":"passed","title":"should handle errors during bug analysis and assign default score","duration":0.6669000000001688,"failureMessages":[],"meta":{}},{"ancestorTitles":["CorrectnessMetric"],"fullName":"CorrectnessMetric should handle total correctness score exceeding 1 by capping it at 1","status":"passed","title":"should handle total correctness score exceeding 1 by capping it at 1","duration":0.6143989999998212,"failureMessages":[],"meta":{}}],"startTime":1727654341023,"endTime":1727654341031.6145,"status":"passed","message":"","name":"/mnt/c/Users/chloe/repos/school/450-sd/se-phase1/tests/metrics/correctnessMetric.test.ts"},{"assertionResults":[{"ancestorTitles":["LicenseMetric"],"fullName":"LicenseMetric should set license to 1 if approved license is found in LICENSE file","status":"passed","title":"should set license to 1 if approved license is found in LICENSE file","duration":4.430799000000206,"failureMessages":[],"meta":{}},{"ancestorTitles":["LicenseMetric"],"fullName":"LicenseMetric should set license to 0 if no LICENSE file is found","status":"passed","title":"should set license to 0 if no LICENSE file is found","duration":0.9283000000000357,"failureMessages":[],"meta":{}},{"ancestorTitles":["LicenseMetric"],"fullName":"LicenseMetric should set license to 1 if approved license is found in README file","status":"passed","title":"should set license to 1 if approved license is found in README file","duration":2.136598999999933,"failureMessages":[],"meta":{}},{"ancestorTitles":["LicenseMetric"],"fullName":"LicenseMetric should set license to 0 if no approved license is found in README file","status":"passed","title":"should set license to 0 if no approved license is found in README file","duration":0.9517000000000735,"failureMessages":[],"meta":{}},{"ancestorTitles":["LicenseMetric"],"fullName":"LicenseMetric should handle errors and set license to 0","status":"passed","title":"should handle errors and set license to 0","duration":2.4578989999999976,"failureMessages":[],"meta":{}}],"startTime":1727654341868,"endTime":1727654341879.458,"status":"passed","message":"","name":"/mnt/c/Users/chloe/repos/school/450-sd/se-phase1/tests/metrics/licenseMetric.test.ts"},{"assertionResults":[{"ancestorTitles":["MaintainersMetric"],"fullName":"MaintainersMetric should set responsiveMaintainer to 1 when average response time ≤ 72 hours","status":"passed","title":"should set responsiveMaintainer to 1 when average response time ≤ 72 hours","duration":3.868097999999918,"failureMessages":[],"meta":{}},{"ancestorTitles":["MaintainersMetric"],"fullName":"MaintainersMetric should set responsiveMaintainer to 0.7 when average response time ≤ 168 hours","status":"passed","title":"should set responsiveMaintainer to 0.7 when average response time ≤ 168 hours","duration":0.5892999999998665,"failureMessages":[],"meta":{}},{"ancestorTitles":["MaintainersMetric"],"fullName":"MaintainersMetric should set responsiveMaintainer to 0.4 when average response time ≤ 336 hours","status":"passed","title":"should set responsiveMaintainer to 0.4 when average response time ≤ 336 hours","duration":0.4520999999999731,"failureMessages":[],"meta":{}},{"ancestorTitles":["MaintainersMetric"],"fullName":"MaintainersMetric should set responsiveMaintainer to 0 when average response time > 336 hours","status":"passed","title":"should set responsiveMaintainer to 0 when average response time > 336 hours","duration":0.43460000000004584,"failureMessages":[],"meta":{}},{"ancestorTitles":["MaintainersMetric"],"fullName":"MaintainersMetric should set responsiveMaintainer to 1 when no issues are found","status":"passed","title":"should set responsiveMaintainer to 1 when no issues are found","duration":0.3890000000001237,"failureMessages":[],"meta":{}},{"ancestorTitles":["MaintainersMetric"],"fullName":"MaintainersMetric should handle errors gracefully and set responsiveMaintainer to 0","status":"passed","title":"should handle errors gracefully and set responsiveMaintainer to 0","duration":0.754998999999998,"failureMessages":[],"meta":{}},{"ancestorTitles":["MaintainersMetric"],"fullName":"MaintainersMetric should handle issues with no maintainer responses","status":"passed","title":"should handle issues with no maintainer responses","duration":0.4498000000000957,"failureMessages":[],"meta":{}},{"ancestorTitles":["MaintainersMetric"],"fullName":"MaintainersMetric should calculate and set responsiveMaintainer_Latency","status":"passed","title":"should calculate and set responsiveMaintainer_Latency","duration":101.44416799999999,"failureMessages":[],"meta":{}}],"startTime":1727654340980,"endTime":1727654341088.444,"status":"passed","message":"","name":"/mnt/c/Users/chloe/repos/school/450-sd/se-phase1/tests/metrics/maintainersMetric.test.ts"},{"assertionResults":[{"ancestorTitles":["RampUpMetric"],"fullName":"RampUpMetric should initialize correctly","status":"passed","title":"should initialize correctly","duration":3.420798999999988,"failureMessages":[],"meta":{}},{"ancestorTitles":["RampUpMetric"],"fullName":"RampUpMetric should return a score of 0 if the repository has no README","status":"passed","title":"should return a score of 0 if the repository has no README","duration":1.5005989999999656,"failureMessages":[],"meta":{}},{"ancestorTitles":["RampUpMetric"],"fullName":"RampUpMetric should set ramp up score to 1 if README contains all important sections","status":"passed","title":"should set ramp up score to 1 if README contains all important sections","duration":17.258594999999787,"failureMessages":[],"meta":{}},{"ancestorTitles":["RampUpMetric"],"fullName":"RampUpMetric should set ramp up score to 0.2 if README contains more than two code blocks","status":"passed","title":"should set ramp up score to 0.2 if README contains more than two code blocks","duration":2.9409989999999198,"failureMessages":[],"meta":{}},{"ancestorTitles":["RampUpMetric"],"fullName":"RampUpMetric should set ramp up score to 0.1 if README contains few linting errors","status":"passed","title":"should set ramp up score to 0.1 if README contains few linting errors","duration":2.1835989999999583,"failureMessages":[],"meta":{}},{"ancestorTitles":["RampUpMetric"],"fullName":"RampUpMetric should set ramp up score to 0.1 if README contains more than 5 links","status":"passed","title":"should set ramp up score to 0.1 if README contains more than 5 links","duration":15.143895000000157,"failureMessages":[],"meta":{}}],"startTime":1727654341832,"endTime":1727654341874.1438,"status":"passed","message":"","name":"/mnt/c/Users/chloe/repos/school/450-sd/se-phase1/tests/metrics/rampupMetric.test.ts"}]}